<?xml version="1.0" encoding="UTF-8"?>
<!-- Generated by org.testng.reporters.JUnitXMLReporter -->
<testsuite hostname="Vaibhav" name="Test" tests="2" failures="1" timestamp="22 Apr 2018 19:07:31 GMT" time="165.905" errors="0">
  <testcase name="GuestUser_CheckoutFlow" time="165.356" classname="test.CheckoutTest"/>
  <testcase name="GuestUser_CheckoutFlow" time="165.426" classname="test.CheckoutTest">
    <failure type="java.lang.AssertionError" message="The following asserts failed:
	Text : sony not found in &amp;quot;VINTAGE AVANTI TV&amp;quot; expected [true] but found [false],
	Text : tv not found in &amp;quot;Sony 1-878-813-13 Power Supply&amp;quot; expected [true] but found [false],
	Text : tv not found in &amp;quot;Sony 1-879-354-11 Power Supply&amp;quot; expected [true] but found [false],
	Text : tv not found in &amp;quot;Sony PVM-14N1U 14&amp;quot; Trinitron CRT Color Video Retro Gaming Monitor w/Mount&amp;quot; expected [true] but found [false],
	Text : tv not found in &amp;quot;Sony Bravia KDL40R550C Television 40-Inch&amp;quot; expected [true] but found [false],
	Text : tv not found in &amp;quot;NEW KD55X8500PSDE 55&amp;quot; 4K SONY PRO BRAVIA UHD LED ANDROID RS232 IP CTR 3YR COMMER&amp;quot; expected [true] but found [false],
	expected [true] but found [false]">
      <![CDATA[java.lang.AssertionError: The following asserts failed:
	Text : sony not found in "VINTAGE AVANTI TV" expected [true] but found [false],
	Text : tv not found in "Sony 1-878-813-13 Power Supply" expected [true] but found [false],
	Text : tv not found in "Sony 1-879-354-11 Power Supply" expected [true] but found [false],
	Text : tv not found in "Sony PVM-14N1U 14" Trinitron CRT Color Video Retro Gaming Monitor w/Mount" expected [true] but found [false],
	Text : tv not found in "Sony Bravia KDL40R550C Television 40-Inch" expected [true] but found [false],
	Text : tv not found in "NEW KD55X8500PSDE 55" 4K SONY PRO BRAVIA UHD LED ANDROID RS232 IP CTR 3YR COMMER" expected [true] but found [false],
	expected [true] but found [false]
	at reportingUtils.CustomSoftAssert.assertAll(CustomSoftAssert.java:42)
	at utils.ReportListener.onTestSuccess(ReportListener.java:124)
	at org.apache.maven.plugin.surefire.InPluginVMSurefireStarter.runSuitesInProcess(InPluginVMSurefireStarter.java:87)
	at org.apache.maven.plugin.surefire.AbstractSurefireMojo.executeProvider(AbstractSurefireMojo.java:1132)
	at org.apache.maven.plugin.surefire.AbstractSurefireMojo.executeAfterPreconditionsChecked(AbstractSurefireMojo.java:978)
	at org.apache.maven.plugin.surefire.AbstractSurefireMojo.execute(AbstractSurefireMojo.java:854)
	at org.apache.maven.plugin.DefaultBuildPluginManager.executeMojo(DefaultBuildPluginManager.java:134)
	at org.apache.maven.lifecycle.internal.MojoExecutor.execute(MojoExecutor.java:207)
	at org.apache.maven.lifecycle.internal.MojoExecutor.execute(MojoExecutor.java:153)
	at org.apache.maven.lifecycle.internal.MojoExecutor.execute(MojoExecutor.java:145)
	at org.apache.maven.lifecycle.internal.LifecycleModuleBuilder.buildProject(LifecycleModuleBuilder.java:116)
	at org.apache.maven.lifecycle.internal.LifecycleModuleBuilder.buildProject(LifecycleModuleBuilder.java:80)
	at org.apache.maven.lifecycle.internal.builder.singlethreaded.SingleThreadedBuilder.build(SingleThreadedBuilder.java:51)
	at org.apache.maven.lifecycle.internal.LifecycleStarter.execute(LifecycleStarter.java:128)
	at org.apache.maven.DefaultMaven.doExecute(DefaultMaven.java:307)
	at org.apache.maven.DefaultMaven.doExecute(DefaultMaven.java:193)
	at org.apache.maven.DefaultMaven.execute(DefaultMaven.java:106)
	at org.apache.maven.cli.MavenCli.execute(MavenCli.java:863)
	at org.apache.maven.cli.MavenCli.doMain(MavenCli.java:288)
	at org.apache.maven.cli.MavenCli.main(MavenCli.java:199)
	at org.codehaus.plexus.classworlds.launcher.Launcher.launchEnhanced(Launcher.java:289)
	at org.codehaus.plexus.classworlds.launcher.Launcher.launch(Launcher.java:229)
	at org.codehaus.plexus.classworlds.launcher.Launcher.mainWithExitCode(Launcher.java:415)
	at org.codehaus.plexus.classworlds.launcher.Launcher.main(Launcher.java:356)
... Removed 32 stack frames]]>
    </failure>
  </testcase> <!-- GuestUser_CheckoutFlow -->
</testsuite> <!-- Test -->
